<?xml version="1.0" encoding="UTF-8"?><testsuite errors="0" failures="0" name="com.studentapp.junit.studentsinfo.StudentsCRUDTestWithSteps" skipped="0" tests="4" time="16.09" timestamp="2020-05-06 11:53:20"><testcase classname="com.studentapp.junit.studentsinfo.StudentsCRUDTestWithSteps" name="This Test will create a New Student"/><testcase classname="com.studentapp.junit.studentsinfo.StudentsCRUDTestWithSteps" name="Verify if the student is addded to the application successfully"/><testcase classname="com.studentapp.junit.studentsinfo.StudentsCRUDTestWithSteps" name="Update the user information and verify the updated information"/><testcase classname="com.studentapp.junit.studentsinfo.StudentsCRUDTestWithSteps" name="Delete the student and verify if the student is deleted"/></testsuite>