<?xml version="1.0" encoding="UTF-8"?><testsuite errors="0" failures="0" name="com.studentapp.junit.studentsinfo.StudentsCRUDTest" skipped="0" tests="4" time="5.31" timestamp="2020-05-06 11:25:20"><testcase classname="com.studentapp.junit.studentsinfo.StudentsCRUDTest" name="This Test will create a New Student"/><testcase classname="com.studentapp.junit.studentsinfo.StudentsCRUDTest" name="veirfy if the student is addded to the application successfully"/><testcase classname="com.studentapp.junit.studentsinfo.StudentsCRUDTest" name="Update the user information and verify the updated information"/><testcase classname="com.studentapp.junit.studentsinfo.StudentsCRUDTest" name="Delete the student and verify if the student is deleted"/></testsuite>